<?xml version="1.0" encoding="UTF-8"?>
<!-- Generated by org.testng.reporters.JUnitXMLReporter -->
<testsuite ignored="2" hostname="DESKTOP-JHJR3MJ" failures="0" tests="5" name="Tests for login andCheckout" time="13.862" errors="0" timestamp="2022-06-26T14:28:19 EDT">
  <testcase classname="com.saucedemo.tests.Test_Login" name="verifyLogin" time="0.864"/>
  <testcase classname="com.saucedemo.tests.Test_Login" name="verifyLogin" time="0.419"/>
  <testcase classname="com.saucedemo.tests.Test_Login" name="verifyLogin" time="0.53"/>
  <testcase classname="com.saucedemo.tests.Test_Login" name="verifyLogin" time="5.609"/>
  <testcase classname="com.saucedemo.tests.Test_CheckOut" name="verifyCheckOut" time="1.747"/>
  <testcase classname="com.saucedemo.config.BaseEvents" name="@BeforeTest setUp" time="0.0">
    <ignored/>
  </testcase> <!-- @BeforeTest setUp -->
  <testcase classname="com.saucedemo.config.BaseEvents" name="@AfterTest tearDown" time="0.0">
    <ignored/>
  </testcase> <!-- @AfterTest tearDown -->
</testsuite> <!-- Tests for login andCheckout -->
