<?xml version="1.0" encoding="UTF-8"?>
<!-- Generated by org.testng.reporters.JUnitXMLReporter -->
<testsuite ignored="0" hostname="DESKTOP-JHJR3MJ" failures="0" tests="3" name="Default test" time="6.673" errors="0" timestamp="2022-06-24T23:23:50 EDT">
  <testcase classname="com.saucedemo.tests.Test_Login" name="verifyLogin" time="0.911"/>
  <testcase classname="com.saucedemo.tests.Test_Login" name="verifyLogin" time="0.542"/>
  <testcase classname="com.saucedemo.tests.Test_Login" name="verifyLogin" time="0.295"/>
</testsuite> <!-- Default test -->
