<?xml version="1.0" encoding="UTF-8"?>
<testng-results ignored="2" total="7" passed="5" failed="0" skipped="0">
  <reporter-output>
  </reporter-output>
  <suite started-at="2022-06-26T14:28:05 EDT" name="SauceDemo" finished-at="2022-06-26T14:28:19 EDT" duration-ms="13862">
    <groups>
    </groups>
    <test started-at="2022-06-26T14:28:05 EDT" name="Tests for login andCheckout" finished-at="2022-06-26T14:28:19 EDT" duration-ms="13862">
      <class name="com.saucedemo.tests.Test_CheckOut">
        <test-method is-config="true" signature="usingLogger(java.lang.reflect.Method)[pri:0, instance:com.saucedemo.tests.Test_CheckOut@53fb3dab]" started-at="2022-06-26T14:28:17 EDT" name="usingLogger" finished-at="2022-06-26T14:28:17 EDT" duration-ms="8" status="PASS">
          <params>
            <param index="0">
              <value>
                <![CDATA[public void com.saucedemo.tests.Test_CheckOut.verifyCheckOut() throws java.lang.Exception]]>
              </value>
            </param>
          </params>
          <reporter-output>
          </reporter-output>
        </test-method> <!-- usingLogger -->
        <test-method signature="verifyCheckOut()[pri:0, instance:com.saucedemo.tests.Test_CheckOut@53fb3dab]" started-at="2022-06-26T14:28:17 EDT" name="verifyCheckOut" finished-at="2022-06-26T14:28:19 EDT" duration-ms="1747" status="PASS">
          <reporter-output>
          </reporter-output>
        </test-method> <!-- verifyCheckOut -->
        <test-method is-config="true" signature="initAfterMethod(org.testng.ITestResult)[pri:0, instance:com.saucedemo.tests.Test_CheckOut@53fb3dab]" started-at="2022-06-26T14:28:19 EDT" name="initAfterMethod" finished-at="2022-06-26T14:28:19 EDT" duration-ms="4" status="PASS">
          <params>
            <param index="0">
              <value>
                <![CDATA[[TestResult name=verifyCheckOut status=SUCCESS method=Test_CheckOut.verifyCheckOut()[pri:0, instance:com.saucedemo.tests.Test_CheckOut@53fb3dab] output={null}]]]>
              </value>
            </param>
          </params>
          <reporter-output>
          </reporter-output>
        </test-method> <!-- initAfterMethod -->
      </class> <!-- com.saucedemo.tests.Test_CheckOut -->
      <class name="com.saucedemo.tests.Test_Login">
        <test-method is-config="true" signature="setUp()[pri:0, instance:com.saucedemo.tests.Test_Login@19e4653c]" started-at="2022-06-26T14:28:05 EDT" name="setUp" finished-at="2022-06-26T14:28:09 EDT" duration-ms="3317" status="PASS">
          <reporter-output>
          </reporter-output>
        </test-method> <!-- setUp -->
        <test-method is-config="true" signature="usingLogger(java.lang.reflect.Method)[pri:0, instance:com.saucedemo.tests.Test_Login@19e4653c]" started-at="2022-06-26T14:28:10 EDT" name="usingLogger" finished-at="2022-06-26T14:28:10 EDT" duration-ms="10" status="PASS">
          <params>
            <param index="0">
              <value>
                <![CDATA[public void com.saucedemo.tests.Test_Login.verifyLogin(java.lang.String,java.lang.String) throws java.lang.Exception]]>
              </value>
            </param>
          </params>
          <reporter-output>
          </reporter-output>
        </test-method> <!-- usingLogger -->
        <test-method signature="verifyLogin(java.lang.String,java.lang.String)[pri:0, instance:com.saucedemo.tests.Test_Login@19e4653c]" started-at="2022-06-26T14:28:10 EDT" name="verifyLogin" data-provider="LoginData" finished-at="2022-06-26T14:28:11 EDT" duration-ms="864" status="PASS">
          <params>
            <param index="0">
              <value>
                <![CDATA[standard_user]]>
              </value>
            </param>
            <param index="1">
              <value>
                <![CDATA[secret_sauce]]>
              </value>
            </param>
          </params>
          <reporter-output>
          </reporter-output>
        </test-method> <!-- verifyLogin -->
        <test-method is-config="true" signature="initAfterMethod(org.testng.ITestResult)[pri:0, instance:com.saucedemo.tests.Test_Login@19e4653c]" started-at="2022-06-26T14:28:11 EDT" name="initAfterMethod" finished-at="2022-06-26T14:28:11 EDT" duration-ms="2" status="PASS">
          <params>
            <param index="0">
              <value>
                <![CDATA[[TestResult name=verifyLogin status=SUCCESS method=Test_Login.verifyLogin(java.lang.String,java.lang.String)[pri:0, instance:com.saucedemo.tests.Test_Login@19e4653c] output={null}]]]>
              </value>
            </param>
          </params>
          <reporter-output>
          </reporter-output>
        </test-method> <!-- initAfterMethod -->
        <test-method is-config="true" signature="usingLogger(java.lang.reflect.Method)[pri:0, instance:com.saucedemo.tests.Test_Login@19e4653c]" started-at="2022-06-26T14:28:11 EDT" name="usingLogger" finished-at="2022-06-26T14:28:11 EDT" duration-ms="2" status="PASS">
          <params>
            <param index="0">
              <value>
                <![CDATA[public void com.saucedemo.tests.Test_Login.verifyLogin(java.lang.String,java.lang.String) throws java.lang.Exception]]>
              </value>
            </param>
          </params>
          <reporter-output>
          </reporter-output>
        </test-method> <!-- usingLogger -->
        <test-method signature="verifyLogin(java.lang.String,java.lang.String)[pri:0, instance:com.saucedemo.tests.Test_Login@19e4653c]" started-at="2022-06-26T14:28:11 EDT" name="verifyLogin" data-provider="LoginData" finished-at="2022-06-26T14:28:11 EDT" duration-ms="419" status="PASS">
          <params>
            <param index="0">
              <value>
                <![CDATA[locked_out_user]]>
              </value>
            </param>
            <param index="1">
              <value>
                <![CDATA[secret_sauce]]>
              </value>
            </param>
          </params>
          <reporter-output>
          </reporter-output>
        </test-method> <!-- verifyLogin -->
        <test-method is-config="true" signature="initAfterMethod(org.testng.ITestResult)[pri:0, instance:com.saucedemo.tests.Test_Login@19e4653c]" started-at="2022-06-26T14:28:11 EDT" name="initAfterMethod" finished-at="2022-06-26T14:28:11 EDT" duration-ms="2" status="PASS">
          <params>
            <param index="0">
              <value>
                <![CDATA[[TestResult name=verifyLogin status=SUCCESS method=Test_Login.verifyLogin(java.lang.String,java.lang.String)[pri:0, instance:com.saucedemo.tests.Test_Login@19e4653c] output={null}]]]>
              </value>
            </param>
          </params>
          <reporter-output>
          </reporter-output>
        </test-method> <!-- initAfterMethod -->
        <test-method is-config="true" signature="usingLogger(java.lang.reflect.Method)[pri:0, instance:com.saucedemo.tests.Test_Login@19e4653c]" started-at="2022-06-26T14:28:11 EDT" name="usingLogger" finished-at="2022-06-26T14:28:11 EDT" duration-ms="3" status="PASS">
          <params>
            <param index="0">
              <value>
                <![CDATA[public void com.saucedemo.tests.Test_Login.verifyLogin(java.lang.String,java.lang.String) throws java.lang.Exception]]>
              </value>
            </param>
          </params>
          <reporter-output>
          </reporter-output>
        </test-method> <!-- usingLogger -->
        <test-method signature="verifyLogin(java.lang.String,java.lang.String)[pri:0, instance:com.saucedemo.tests.Test_Login@19e4653c]" started-at="2022-06-26T14:28:11 EDT" name="verifyLogin" data-provider="LoginData" finished-at="2022-06-26T14:28:12 EDT" duration-ms="530" status="PASS">
          <params>
            <param index="0">
              <value>
                <![CDATA[problem_user]]>
              </value>
            </param>
            <param index="1">
              <value>
                <![CDATA[secret_sauce]]>
              </value>
            </param>
          </params>
          <reporter-output>
          </reporter-output>
        </test-method> <!-- verifyLogin -->
        <test-method is-config="true" signature="initAfterMethod(org.testng.ITestResult)[pri:0, instance:com.saucedemo.tests.Test_Login@19e4653c]" started-at="2022-06-26T14:28:12 EDT" name="initAfterMethod" finished-at="2022-06-26T14:28:12 EDT" duration-ms="3" status="PASS">
          <params>
            <param index="0">
              <value>
                <![CDATA[[TestResult name=verifyLogin status=SUCCESS method=Test_Login.verifyLogin(java.lang.String,java.lang.String)[pri:0, instance:com.saucedemo.tests.Test_Login@19e4653c] output={null}]]]>
              </value>
            </param>
          </params>
          <reporter-output>
          </reporter-output>
        </test-method> <!-- initAfterMethod -->
        <test-method is-config="true" signature="usingLogger(java.lang.reflect.Method)[pri:0, instance:com.saucedemo.tests.Test_Login@19e4653c]" started-at="2022-06-26T14:28:12 EDT" name="usingLogger" finished-at="2022-06-26T14:28:12 EDT" duration-ms="3" status="PASS">
          <params>
            <param index="0">
              <value>
                <![CDATA[public void com.saucedemo.tests.Test_Login.verifyLogin(java.lang.String,java.lang.String) throws java.lang.Exception]]>
              </value>
            </param>
          </params>
          <reporter-output>
          </reporter-output>
        </test-method> <!-- usingLogger -->
        <test-method signature="verifyLogin(java.lang.String,java.lang.String)[pri:0, instance:com.saucedemo.tests.Test_Login@19e4653c]" started-at="2022-06-26T14:28:12 EDT" name="verifyLogin" data-provider="LoginData" finished-at="2022-06-26T14:28:17 EDT" duration-ms="5609" status="PASS">
          <params>
            <param index="0">
              <value>
                <![CDATA[performance_glitch_user]]>
              </value>
            </param>
            <param index="1">
              <value>
                <![CDATA[secret_sauce]]>
              </value>
            </param>
          </params>
          <reporter-output>
          </reporter-output>
        </test-method> <!-- verifyLogin -->
        <test-method is-config="true" signature="initAfterMethod(org.testng.ITestResult)[pri:0, instance:com.saucedemo.tests.Test_Login@19e4653c]" started-at="2022-06-26T14:28:17 EDT" name="initAfterMethod" finished-at="2022-06-26T14:28:17 EDT" duration-ms="0" status="PASS">
          <params>
            <param index="0">
              <value>
                <![CDATA[[TestResult name=verifyLogin status=SUCCESS method=Test_Login.verifyLogin(java.lang.String,java.lang.String)[pri:0, instance:com.saucedemo.tests.Test_Login@19e4653c] output={null}]]]>
              </value>
            </param>
          </params>
          <reporter-output>
          </reporter-output>
        </test-method> <!-- initAfterMethod -->
        <test-method is-config="true" signature="tearDown()[pri:0, instance:com.saucedemo.tests.Test_Login@19e4653c]" started-at="2022-06-26T14:28:19 EDT" name="tearDown" finished-at="2022-06-26T14:28:19 EDT" duration-ms="183" status="PASS">
          <reporter-output>
          </reporter-output>
        </test-method> <!-- tearDown -->
      </class> <!-- com.saucedemo.tests.Test_Login -->
    </test> <!-- Tests for login andCheckout -->
  </suite> <!-- SauceDemo -->
</testng-results>
