<?xml version="1.0" encoding="UTF-8"?>
<!-- Generated by org.testng.reporters.JUnitXMLReporter -->
<testsuite ignored="2" hostname="DESKTOP-JHJR3MJ" failures="0" tests="4" name="Default test2" time="7.485" errors="0" timestamp="2022-06-25T11:33:37 EDT">
  <testcase classname="com.saucedemo.tests.Test_Login" name="verifyLogin" time="0.877"/>
  <testcase classname="com.saucedemo.tests.Test_Login" name="verifyLogin" time="0.537"/>
  <testcase classname="com.saucedemo.tests.Test_Login" name="verifyLogin" time="0.249"/>
  <testcase classname="com.saucedemo.tests.Test_CheckOut" name="verifyCheckOut" time="1.267"/>
  <testcase classname="com.saucedemo.config.BaseEvents" name="@BeforeTest setUp" time="0.0">
    <ignored/>
  </testcase> <!-- @BeforeTest setUp -->
  <testcase classname="com.saucedemo.config.BaseEvents" name="@AfterTest tearDown" time="0.0">
    <ignored/>
  </testcase> <!-- @AfterTest tearDown -->
</testsuite> <!-- Default test2 -->
